nohup: ignorando entrada
python ./../integration/py/satImageGenExcept.py undefined -36.71272088968625 -7.048680215059964 2000 2001
2078 (Thu Jan 12 2017 09:41:18 GMT-0200 (BRST)) - Coordinate undefined inserted
python ./../integration/py/satImageGenExcept.py undefined -56.32929989086108 -9.680353653341008 2000 2001
undefined
2079 (Thu Jan 12 2017 09:42:01 GMT-0200 (BRST)) - Coordinate undefined inserted
python ./../integration/py/satImageGenExcept.py undefined -65.00549316694642 -0.583531659437547 2000 2001
2080 (Thu Jan 12 2017 09:43:15 GMT-0200 (BRST)) - Coordinate undefined inserted
python ./../integration/py/satImageGenExcept.py undefined -69.22257133992971 -8.783418365140271 2000 2001
2081 (Thu Jan 12 2017 09:44:17 GMT-0200 (BRST)) - Coordinate undefined inserted
python ./../integration/py/satImageGenExcept.py undefined -39.97214924364616 -5.246081348729525 2000 2001
undefined
2082 (Thu Jan 12 2017 09:45:11 GMT-0200 (BRST)) - Coordinate undefined inserted
python ./../integration/py/satImageGenExcept.py undefined -45.59787764552432 -3.3875954777529 2000 2001
undefined
2083 (Thu Jan 12 2017 09:45:54 GMT-0200 (BRST)) - Coordinate undefined inserted
python ./../integration/py/satImageGenExcept.py undefined -55.18020546216161 -12.26156950762934 2000 2001
2084 (Thu Jan 12 2017 09:46:56 GMT-0200 (BRST)) - Coordinate undefined inserted
python ./../integration/py/satImageGenExcept.py undefined -45.32325857969015 -12.90884714690155 2000 2001
2085 (Thu Jan 12 2017 09:48:11 GMT-0200 (BRST)) - Coordinate undefined inserted
python ./../integration/py/satImageGenExcept.py undefined -37.26202851246991 -4.982099170351244 2000 2001
2086 (Thu Jan 12 2017 09:49:12 GMT-0200 (BRST)) - Coordinate undefined inserted
python ./../integration/py/satImageGenExcept.py undefined -41.027595443563904 -9.267340251784741 2000 2001
2087 (Thu Jan 12 2017 09:50:49 GMT-0200 (BRST)) - Coordinate undefined inserted
python ./../integration/py/satImageGenExcept.py undefined -42.28762556618686 -3.165013386967694 2000 2001
2088 (Thu Jan 12 2017 09:52:14 GMT-0200 (BRST)) - Coordinate undefined inserted
python ./../integration/py/satImageGenExcept.py undefined -56.063336273873915 -12.141186853922836 2000 2001
undefined
2089 (Thu Jan 12 2017 09:52:57 GMT-0200 (BRST)) - Coordinate undefined inserted
python ./../integration/py/satImageGenExcept.py undefined -41.28198984320353 -14.616211127992933 2000 2001
2090 (Thu Jan 12 2017 09:53:47 GMT-0200 (BRST)) - Coordinate undefined inserted
python ./../integration/py/satImageGenExcept.py undefined -47.23670879100642 -9.381200705821133 2000 2001
2091 (Thu Jan 12 2017 09:56:14 GMT-0200 (BRST)) - Coordinate undefined inserted
python ./../integration/py/satImageGenExcept.py undefined -50.23234756930103 -19.124990851807535 2000 2001
2092 (Thu Jan 12 2017 09:58:13 GMT-0200 (BRST)) - Coordinate undefined inserted
python ./../integration/py/satImageGenExcept.py undefined -49.18954565448014 -14.224185719426934 2000 2001
2093 (Thu Jan 12 2017 09:59:56 GMT-0200 (BRST)) - Coordinate undefined inserted
python ./../integration/py/satImageGenExcept.py undefined -46.05165523427014 -4.772867651669252 2000 2001
undefined
2094 (Thu Jan 12 2017 10:00:29 GMT-0200 (BRST)) - Coordinate undefined inserted
python ./../integration/py/satImageGenExcept.py undefined -45.03991335511568 -21.728978805733675 2000 2001
2095 (Thu Jan 12 2017 10:01:43 GMT-0200 (BRST)) - Coordinate undefined inserted
python ./../integration/py/satImageGenExcept.py undefined -54.79030248938534 -22.949820259333414 2000 2001
2096 (Thu Jan 12 2017 10:02:32 GMT-0200 (BRST)) - Coordinate undefined inserted
python ./../integration/py/satImageGenExcept.py undefined -51.42447445540385 2.346747024365811 2000 2001
undefined
[TypeError: Cannot call method 'split' of undefined]
2097 (Thu Jan 12 2017 10:02:42 GMT-0200 (BRST)) - Coordinate undefined inserted
python ./../integration/py/satImageGenExcept.py undefined -47.77373040777389 -18.59786009094236 2000 2001
2098 (Thu Jan 12 2017 10:03:52 GMT-0200 (BRST)) - Coordinate undefined inserted
python ./../integration/py/satImageGenExcept.py undefined -39.60997708152786 -15.64068811158447 2000 2001
2099 (Thu Jan 12 2017 10:05:17 GMT-0200 (BRST)) - Coordinate undefined inserted
python ./../integration/py/satImageGenExcept.py undefined -41.82606986253457 -7.453677303635679 2000 2001
2100 (Thu Jan 12 2017 10:06:29 GMT-0200 (BRST)) - Coordinate undefined inserted
python ./../integration/py/satImageGenExcept.py undefined -41.60057291310266 -14.305854163208963 2000 2001
2101 (Thu Jan 12 2017 10:07:51 GMT-0200 (BRST)) - Coordinate undefined inserted
python ./../integration/py/satImageGenExcept.py undefined -58.32325179845358 -11.640260593488446 2000 2001
2102 (Thu Jan 12 2017 10:09:04 GMT-0200 (BRST)) - Coordinate undefined inserted
python ./../integration/py/satImageGenExcept.py undefined -47.497628291380835 -17.96162810921772 2000 2001
2103 (Thu Jan 12 2017 10:10:17 GMT-0200 (BRST)) - Coordinate undefined inserted
python ./../integration/py/satImageGenExcept.py undefined -62.44895760576316 -7.35101129493637 2000 2001
2104 (Thu Jan 12 2017 10:11:27 GMT-0200 (BRST)) - Coordinate undefined inserted
python ./../integration/py/satImageGenExcept.py undefined -37.26466991463175 -10.147264192983176 2000 2001
undefined
[TypeError: Cannot call method 'split' of undefined]
2105 (Thu Jan 12 2017 10:11:38 GMT-0200 (BRST)) - Coordinate undefined inserted
python ./../integration/py/satImageGenExcept.py undefined -47.787879922135076 -22.444572681077023 2000 2001
2106 (Thu Jan 12 2017 10:12:49 GMT-0200 (BRST)) - Coordinate undefined inserted
python ./../integration/py/satImageGenExcept.py undefined -66.49159380979454 0.654603678608325 2000 2001
2107 (Thu Jan 12 2017 10:14:02 GMT-0200 (BRST)) - Coordinate undefined inserted
python ./../integration/py/satImageGenExcept.py undefined -56.47151660549476 -15.17444268196039 2000 2001
2108 (Thu Jan 12 2017 10:15:13 GMT-0200 (BRST)) - Coordinate undefined inserted
python ./../integration/py/satImageGenExcept.py undefined -53.01718719368512 -27.726711982053143 2000 2001
2109 (Thu Jan 12 2017 10:16:25 GMT-0200 (BRST)) - Coordinate undefined inserted
python ./../integration/py/satImageGenExcept.py undefined -55.42824615512768 -20.372019339501712 2000 2001
2110 (Thu Jan 12 2017 10:17:16 GMT-0200 (BRST)) - Coordinate undefined inserted
python ./../integration/py/satImageGenExcept.py undefined -58.64641301510369 -11.309040244624693 2000 2001
2111 (Thu Jan 12 2017 10:18:30 GMT-0200 (BRST)) - Coordinate undefined inserted
python ./../integration/py/satImageGenExcept.py undefined -45.23235367692148 -16.903429619524168 2000 2001
2112 (Thu Jan 12 2017 10:19:20 GMT-0200 (BRST)) - Coordinate undefined inserted
python ./../integration/py/satImageGenExcept.py undefined -52.86612790235635 -28.19699041621117 2000 2001
2113 (Thu Jan 12 2017 10:20:23 GMT-0200 (BRST)) - Coordinate undefined inserted
python ./../integration/py/satImageGenExcept.py undefined -49.209065125826804 -12.176997060672601 2000 2001
2114 (Thu Jan 12 2017 10:21:38 GMT-0200 (BRST)) - Coordinate undefined inserted
python ./../integration/py/satImageGenExcept.py undefined -54.60871613243257 -30.517859670525404 2000 2001
2115 (Thu Jan 12 2017 10:22:39 GMT-0200 (BRST)) - Coordinate undefined inserted
python ./../integration/py/satImageGenExcept.py undefined -41.58476961586062 -13.818688231238351 2000 2001
2116 (Thu Jan 12 2017 10:23:41 GMT-0200 (BRST)) - Coordinate undefined inserted
python ./../integration/py/satImageGenExcept.py undefined -43.4722648303576 -10.469829164062798 2000 2001
2117 (Thu Jan 12 2017 10:25:13 GMT-0200 (BRST)) - Coordinate undefined inserted
python ./../integration/py/satImageGenExcept.py undefined -66.37264763687716 -4.307411923151513 2000 2001
2118 (Thu Jan 12 2017 10:26:51 GMT-0200 (BRST)) - Coordinate undefined inserted
python ./../integration/py/satImageGenExcept.py undefined -53.30128407376701 -24.65774425472116 2000 2001
2119 (Thu Jan 12 2017 10:28:15 GMT-0200 (BRST)) - Coordinate undefined inserted
python ./../integration/py/satImageGenExcept.py undefined -70.78644134655538 -5.760864488749359 2000 2001
undefined
2120 (Thu Jan 12 2017 10:29:14 GMT-0200 (BRST)) - Coordinate undefined inserted
python ./../integration/py/satImageGenExcept.py undefined -46.32436883388694 -17.468941917900842 2000 2001
2121 (Thu Jan 12 2017 10:30:42 GMT-0200 (BRST)) - Coordinate undefined inserted
python ./../integration/py/satImageGenExcept.py undefined -43.24557189351694 -8.424980362726878 2000 2001
2122 (Thu Jan 12 2017 10:31:59 GMT-0200 (BRST)) - Coordinate undefined inserted
python ./../integration/py/satImageGenExcept.py undefined -51.63914993317363 -6.05448189893503 2000 2001
2123 (Thu Jan 12 2017 10:33:09 GMT-0200 (BRST)) - Coordinate undefined inserted
python ./../integration/py/satImageGenExcept.py undefined -57.15605874196653 -9.607598084832404 2000 2001
undefined
2124 (Thu Jan 12 2017 10:33:50 GMT-0200 (BRST)) - Coordinate undefined inserted
python ./../integration/py/satImageGenExcept.py undefined -57.83720461210957 -20.67667644600754 2000 2001
2125 (Thu Jan 12 2017 10:34:50 GMT-0200 (BRST)) - Coordinate undefined inserted
python ./../integration/py/satImageGenExcept.py undefined -49.65156037704325 -14.032659940218323 2000 2001
2126 (Thu Jan 12 2017 10:36:02 GMT-0200 (BRST)) - Coordinate undefined inserted
python ./../integration/py/satImageGenExcept.py undefined -35.32131549613037 -8.441897551197652 2000 2001
2127 (Thu Jan 12 2017 10:36:57 GMT-0200 (BRST)) - Coordinate undefined inserted
python ./../integration/py/satImageGenExcept.py undefined -65.19353226493331 0.043563594203512 2000 2001
2128 (Thu Jan 12 2017 10:37:59 GMT-0200 (BRST)) - Coordinate undefined inserted
python ./../integration/py/satImageGenExcept.py undefined -43.83231954186167 -5.362320421958163 2000 2001
undefined
2129 (Thu Jan 12 2017 10:38:32 GMT-0200 (BRST)) - Coordinate undefined inserted
python ./../integration/py/satImageGenExcept.py undefined -44.66277906341506 -21.88602659584449 2000 2001
2130 (Thu Jan 12 2017 10:39:44 GMT-0200 (BRST)) - Coordinate undefined inserted
python ./../integration/py/satImageGenExcept.py undefined -37.842812828148226 -8.774180852403571 2000 2001
[TypeError: Cannot call method 'split' of undefined]
2131 (Thu Jan 12 2017 10:40:16 GMT-0200 (BRST)) - Coordinate undefined inserted
python ./../integration/py/satImageGenExcept.py undefined -71.8318546526088 -5.235353444022763 2000 2001
undefined
2132 (Thu Jan 12 2017 10:40:49 GMT-0200 (BRST)) - Coordinate undefined inserted
python ./../integration/py/satImageGenExcept.py undefined -71.22799416636244 -5.076822575404325 2000 2001
2133 (Thu Jan 12 2017 10:41:40 GMT-0200 (BRST)) - Coordinate undefined inserted
python ./../integration/py/satImageGenExcept.py undefined -63.81179336213726 -11.531616810711508 2000 2001
2134 (Thu Jan 12 2017 10:42:35 GMT-0200 (BRST)) - Coordinate undefined inserted
python ./../integration/py/satImageGenExcept.py undefined -54.429539167964265 -27.846434418000616 2000 2001
2135 (Thu Jan 12 2017 10:44:01 GMT-0200 (BRST)) - Coordinate undefined inserted
python ./../integration/py/satImageGenExcept.py undefined -51.688293929294204 -8.896557203956402 2000 2001
undefined
2136 (Thu Jan 12 2017 10:44:49 GMT-0200 (BRST)) - Coordinate undefined inserted
python ./../integration/py/satImageGenExcept.py undefined -50.140148316810674 -19.599354120792615 2000 2001
2137 (Thu Jan 12 2017 10:45:59 GMT-0200 (BRST)) - Coordinate undefined inserted
python ./../integration/py/satImageGenExcept.py undefined -51.52199504614036 -26.433337381167195 2000 2001
2138 (Thu Jan 12 2017 10:47:18 GMT-0200 (BRST)) - Coordinate undefined inserted
python ./../integration/py/satImageGenExcept.py undefined -43.35562344165312 -5.593439572861151 2000 2001
2139 (Thu Jan 12 2017 10:48:21 GMT-0200 (BRST)) - Coordinate undefined inserted
python ./../integration/py/satImageGenExcept.py undefined -55.053914421701506 -30.130704371092246 2000 2001
2140 (Thu Jan 12 2017 10:49:19 GMT-0200 (BRST)) - Coordinate undefined inserted
python ./../integration/py/satImageGenExcept.py undefined -57.03759465456956 -5.489284574430823 2000 2001
undefined
2141 (Thu Jan 12 2017 10:49:54 GMT-0200 (BRST)) - Coordinate undefined inserted
python ./../integration/py/satImageGenExcept.py undefined -62.67441893733918 -1.576677032532466 2000 2001
undefined
2142 (Thu Jan 12 2017 10:50:25 GMT-0200 (BRST)) - Coordinate undefined inserted
python ./../integration/py/satImageGenExcept.py undefined -51.68239476215726 -18.5717642684531 2000 2001
2143 (Thu Jan 12 2017 10:51:18 GMT-0200 (BRST)) - Coordinate undefined inserted
python ./../integration/py/satImageGenExcept.py undefined -68.59998335238839 -10.84467939678796 2000 2001
2144 (Thu Jan 12 2017 10:52:10 GMT-0200 (BRST)) - Coordinate undefined inserted
python ./../integration/py/satImageGenExcept.py undefined -51.9147994895865 -17.47406291310816 2000 2001
2145 (Thu Jan 12 2017 10:52:59 GMT-0200 (BRST)) - Coordinate undefined inserted
python ./../integration/py/satImageGenExcept.py undefined -50.337446195379 -27.478534512405144 2000 2001
2146 (Thu Jan 12 2017 10:53:48 GMT-0200 (BRST)) - Coordinate undefined inserted
python ./../integration/py/satImageGenExcept.py undefined -52.35540941081601 -19.69637915683583 2000 2001
2147 (Thu Jan 12 2017 10:54:36 GMT-0200 (BRST)) - Coordinate undefined inserted
python ./../integration/py/satImageGenExcept.py undefined -41.0176694899618 -8.526905134719463 2000 2001
2148 (Thu Jan 12 2017 10:55:36 GMT-0200 (BRST)) - Coordinate undefined inserted
python ./../integration/py/satImageGenExcept.py undefined -65.64043243180113 -9.72250287646347 2000 2001
2149 (Thu Jan 12 2017 10:56:26 GMT-0200 (BRST)) - Coordinate undefined inserted
python ./../integration/py/satImageGenExcept.py undefined -55.80177005227425 -0.855114700572535 2000 2001
2150 (Thu Jan 12 2017 10:57:16 GMT-0200 (BRST)) - Coordinate undefined inserted
python ./../integration/py/satImageGenExcept.py undefined -49.056770362576955 -18.821671037646766 2000 2001
2151 (Thu Jan 12 2017 10:58:18 GMT-0200 (BRST)) - Coordinate undefined inserted
python ./../integration/py/satImageGenExcept.py undefined -57.136556657295 -29.94997625719353 2000 2001
2152 (Thu Jan 12 2017 10:59:12 GMT-0200 (BRST)) - Coordinate undefined inserted
python ./../integration/py/satImageGenExcept.py undefined -53.04791600760818 -14.6150257812555 2000 2001
2153 (Thu Jan 12 2017 11:00:01 GMT-0200 (BRST)) - Coordinate undefined inserted
python ./../integration/py/satImageGenExcept.py undefined -49.25390926529482 -6.630713539823354 2000 2001
2154 (Thu Jan 12 2017 11:00:51 GMT-0200 (BRST)) - Coordinate undefined inserted
python ./../integration/py/satImageGenExcept.py undefined -46.51444824134053 -22.38975259988287 2000 2001
2155 (Thu Jan 12 2017 11:01:41 GMT-0200 (BRST)) - Coordinate undefined inserted
python ./../integration/py/satImageGenExcept.py undefined -52.38829043578468 -10.843551236656197 2000 2001
2156 (Thu Jan 12 2017 11:02:43 GMT-0200 (BRST)) - Coordinate undefined inserted
python ./../integration/py/satImageGenExcept.py undefined -46.89142220808928 -22.909228010470176 2000 2001
2157 (Thu Jan 12 2017 11:03:37 GMT-0200 (BRST)) - Coordinate undefined inserted
python ./../integration/py/satImageGenExcept.py undefined -50.54337951999388 -21.99683781615675 2000 2001
2158 (Thu Jan 12 2017 11:04:28 GMT-0200 (BRST)) - Coordinate undefined inserted
python ./../integration/py/satImageGenExcept.py undefined -54.486439190379485 2.220529522232624 2000 2001
undefined
[TypeError: Cannot call method 'split' of undefined]
2159 (Thu Jan 12 2017 11:04:39 GMT-0200 (BRST)) - Coordinate undefined inserted
python ./../integration/py/satImageGenExcept.py undefined -37.68143374548366 -11.45833185545574 2000 2001
undefined
2160 (Thu Jan 12 2017 11:05:10 GMT-0200 (BRST)) - Coordinate undefined inserted
python ./../integration/py/satImageGenExcept.py undefined -50.245894597446366 -12.91991832413612 2000 2001
2161 (Thu Jan 12 2017 11:06:13 GMT-0200 (BRST)) - Coordinate undefined inserted
python ./../integration/py/satImageGenExcept.py undefined -41.69404050679854 -19.95891509401767 2000 2001
2162 (Thu Jan 12 2017 11:07:04 GMT-0200 (BRST)) - Coordinate undefined inserted
python ./../integration/py/satImageGenExcept.py undefined -55.95673643787602 -4.017446541475195 2000 2001
undefined
2163 (Thu Jan 12 2017 11:07:52 GMT-0200 (BRST)) - Coordinate undefined inserted
python ./../integration/py/satImageGenExcept.py undefined -46.56237849269276 -23.241706916659652 2000 2001
2164 (Thu Jan 12 2017 11:09:28 GMT-0200 (BRST)) - Coordinate undefined inserted
python ./../integration/py/satImageGenExcept.py undefined -41.993318479365925 -11.345155003596716 2000 2001
2165 (Thu Jan 12 2017 11:11:09 GMT-0200 (BRST)) - Coordinate undefined inserted
python ./../integration/py/satImageGenExcept.py undefined -54.38020914013423 -18.643680918674 2000 2001
2166 (Thu Jan 12 2017 11:12:39 GMT-0200 (BRST)) - Coordinate undefined inserted
python ./../integration/py/satImageGenExcept.py undefined -55.04785939100901 -28.289417198157388 2000 2001
2167 (Thu Jan 12 2017 11:13:44 GMT-0200 (BRST)) - Coordinate undefined inserted
python ./../integration/py/satImageGenExcept.py undefined -50.9562943172672 -22.176149370377622 2000 2001
2168 (Thu Jan 12 2017 11:14:48 GMT-0200 (BRST)) - Coordinate undefined inserted
python ./../integration/py/satImageGenExcept.py undefined -41.10612421563716 -17.51629287407162 2000 2001
2169 (Thu Jan 12 2017 11:15:42 GMT-0200 (BRST)) - Coordinate undefined inserted
python ./../integration/py/satImageGenExcept.py undefined -73.05256988447914 -8.538407956606836 2000 2001
2170 (Thu Jan 12 2017 11:16:35 GMT-0200 (BRST)) - Coordinate undefined inserted
python ./../integration/py/satImageGenExcept.py undefined -37.00488534718396 -10.50615916727429 2000 2001
undefined
[TypeError: Cannot call method 'split' of undefined]
2171 (Thu Jan 12 2017 11:16:48 GMT-0200 (BRST)) - Coordinate undefined inserted
python ./../integration/py/satImageGenExcept.py undefined -61.430070987568 -11.896794334899703 2000 2001
undefined
2172 (Thu Jan 12 2017 11:17:19 GMT-0200 (BRST)) - Coordinate undefined inserted
python ./../integration/py/satImageGenExcept.py undefined -55.13211696880105 -22.401459569349125 2000 2001
2173 (Thu Jan 12 2017 11:18:35 GMT-0200 (BRST)) - Coordinate undefined inserted
python ./../integration/py/satImageGenExcept.py undefined -61.26429879931999 -2.572059414346111 2000 2001
2174 (Thu Jan 12 2017 11:19:23 GMT-0200 (BRST)) - Coordinate undefined inserted
python ./../integration/py/satImageGenExcept.py undefined -45.59619807931134 -17.638685291116747 2000 2001
2175 (Thu Jan 12 2017 11:20:14 GMT-0200 (BRST)) - Coordinate undefined inserted
python ./../integration/py/satImageGenExcept.py undefined -43.86571359667562 -22.655921774702627 2000 2001
2176 (Thu Jan 12 2017 11:21:06 GMT-0200 (BRST)) - Coordinate undefined inserted
python ./../integration/py/satImageGenExcept.py undefined -55.67614824990464 -20.206518269671616 2000 2001
2177 (Thu Jan 12 2017 11:21:59 GMT-0200 (BRST)) - Coordinate undefined inserted
python ./../integration/py/satImageGenExcept.py undefined -52.88914484036192 -3.346425462424939 2000 2001
undefined
2178 (Thu Jan 12 2017 11:22:33 GMT-0200 (BRST)) - Coordinate undefined inserted
python ./../integration/py/satImageGenExcept.py undefined -54.821860023179546 -30.742119063537082 2000 2001
2179 (Thu Jan 12 2017 11:24:29 GMT-0200 (BRST)) - Coordinate undefined inserted
python ./../integration/py/satImageGenExcept.py undefined -44.60963184928994 -19.336394874411283 2000 2001
2180 (Thu Jan 12 2017 11:25:36 GMT-0200 (BRST)) - Coordinate undefined inserted
python ./../integration/py/satImageGenExcept.py undefined -66.40632235375526 0.778016256377349 2000 2001
2181 (Thu Jan 12 2017 11:26:58 GMT-0200 (BRST)) - Coordinate undefined inserted
python ./../integration/py/satImageGenExcept.py undefined -53.909553703712554 -27.854685964607036 2000 2001
2182 (Thu Jan 12 2017 11:29:35 GMT-0200 (BRST)) - Coordinate undefined inserted
python ./../integration/py/satImageGenExcept.py undefined -52.66130601764685 -19.999025772384073 2000 2001
2183 (Thu Jan 12 2017 11:30:38 GMT-0200 (BRST)) - Coordinate undefined inserted
python ./../integration/py/satImageGenExcept.py undefined -62.63913679025841 -1.397796819174054 2000 2001
undefined
2184 (Thu Jan 12 2017 11:31:19 GMT-0200 (BRST)) - Coordinate undefined inserted
python ./../integration/py/satImageGenExcept.py undefined -66.63380818242138 0.720215519243482 2000 2001
2185 (Thu Jan 12 2017 11:32:13 GMT-0200 (BRST)) - Coordinate undefined inserted
python ./../integration/py/satImageGenExcept.py undefined -54.474414349524515 -14.959378924246838 2000 2001
2186 (Thu Jan 12 2017 11:33:02 GMT-0200 (BRST)) - Coordinate undefined inserted
python ./../integration/py/satImageGenExcept.py undefined -46.77430624690425 -4.336432745815987 2000 2001
2187 (Thu Jan 12 2017 11:33:49 GMT-0200 (BRST)) - Coordinate undefined inserted
python ./../integration/py/satImageGenExcept.py undefined -53.23398033099003 -23.8015376915762 2000 2001
2188 (Thu Jan 12 2017 11:34:38 GMT-0200 (BRST)) - Coordinate undefined inserted
python ./../integration/py/satImageGenExcept.py undefined -36.084130150926484 -6.5717764488451 2000 2001
2189 (Thu Jan 12 2017 11:35:25 GMT-0200 (BRST)) - Coordinate undefined inserted
python ./../integration/py/satImageGenExcept.py undefined -54.894831886303145 -23.834827828786104 2000 2001
2190 (Thu Jan 12 2017 11:36:15 GMT-0200 (BRST)) - Coordinate undefined inserted
python ./../integration/py/satImageGenExcept.py undefined -40.557868976846486 -16.3818713838133 2000 2001
2191 (Thu Jan 12 2017 11:37:14 GMT-0200 (BRST)) - Coordinate undefined inserted
python ./../integration/py/satImageGenExcept.py undefined -55.40251493391975 -16.394416583425222 2000 2001
2192 (Thu Jan 12 2017 11:38:03 GMT-0200 (BRST)) - Coordinate undefined inserted
python ./../integration/py/satImageGenExcept.py undefined -51.101914662062214 -8.214357437859316 2000 2001
undefined
2193 (Thu Jan 12 2017 11:38:33 GMT-0200 (BRST)) - Coordinate undefined inserted
python ./../integration/py/satImageGenExcept.py undefined -59.17423889704067 -5.681408586271026 2000 2001
undefined
2194 (Thu Jan 12 2017 11:39:03 GMT-0200 (BRST)) - Coordinate undefined inserted
python ./../integration/py/satImageGenExcept.py undefined -66.46010254002809 -3.331607241471644 2000 2001
2195 (Thu Jan 12 2017 11:39:51 GMT-0200 (BRST)) - Coordinate undefined inserted
python ./../integration/py/satImageGenExcept.py undefined -50.74946913962276 -11.386127017650605 2000 2001
2196 (Thu Jan 12 2017 11:40:42 GMT-0200 (BRST)) - Coordinate undefined inserted
python ./../integration/py/satImageGenExcept.py undefined -38.97842778820572 -16.198173388667097 2000 2001
2197 (Thu Jan 12 2017 11:41:32 GMT-0200 (BRST)) - Coordinate undefined inserted
python ./../integration/py/satImageGenExcept.py undefined -52.597504543792404 -11.019036873611974 2000 2001
2198 (Thu Jan 12 2017 11:42:21 GMT-0200 (BRST)) - Coordinate undefined inserted
python ./../integration/py/satImageGenExcept.py undefined -50.5814328410952 -18.866042803689503 2000 2001
2199 (Thu Jan 12 2017 11:43:12 GMT-0200 (BRST)) - Coordinate undefined inserted
python ./../integration/py/satImageGenExcept.py undefined -44.467007990553924 -3.10742951415758 2000 2001
undefined
2200 (Thu Jan 12 2017 11:43:43 GMT-0200 (BRST)) - Coordinate undefined inserted
python ./../integration/py/satImageGenExcept.py undefined -62.58441368206574 -8.976426782331934 2000 2001
2201 (Thu Jan 12 2017 11:44:32 GMT-0200 (BRST)) - Coordinate undefined inserted
python ./../integration/py/satImageGenExcept.py undefined -71.67845704162917 -6.420364698426809 2000 2001
undefined
2202 (Thu Jan 12 2017 11:45:03 GMT-0200 (BRST)) - Coordinate undefined inserted
python ./../integration/py/satImageGenExcept.py undefined -64.95717066563479 -6.027969975123955 2000 2001
undefined
2203 (Thu Jan 12 2017 11:45:34 GMT-0200 (BRST)) - Coordinate undefined inserted
python ./../integration/py/satImageGenExcept.py undefined -62.884677411885 -2.473100892089651 2000 2001
2204 (Thu Jan 12 2017 11:46:36 GMT-0200 (BRST)) - Coordinate undefined inserted
python ./../integration/py/satImageGenExcept.py undefined -53.550913281414545 -23.886376856302782 2000 2001
2205 (Thu Jan 12 2017 11:47:27 GMT-0200 (BRST)) - Coordinate undefined inserted
python ./../integration/py/satImageGenExcept.py undefined -71.85094668919673 -9.740928439947275 2000 2001
2206 (Thu Jan 12 2017 11:48:20 GMT-0200 (BRST)) - Coordinate undefined inserted
python ./../integration/py/satImageGenExcept.py undefined -40.92104413840574 -10.615115048815557 2000 2001
2207 (Thu Jan 12 2017 11:49:12 GMT-0200 (BRST)) - Coordinate undefined inserted
python ./../integration/py/satImageGenExcept.py undefined -39.6695714023418 -10.05447370897642 2000 2001
2208 (Thu Jan 12 2017 11:50:02 GMT-0200 (BRST)) - Coordinate undefined inserted
python ./../integration/py/satImageGenExcept.py undefined -49.091959938346946 -21.416411735498848 2000 2001
2209 (Thu Jan 12 2017 11:50:53 GMT-0200 (BRST)) - Coordinate undefined inserted
python ./../integration/py/satImageGenExcept.py undefined -44.18802021953943 -17.0910480254951 2000 2001
2210 (Thu Jan 12 2017 11:51:46 GMT-0200 (BRST)) - Coordinate undefined inserted
python ./../integration/py/satImageGenExcept.py undefined -50.98500028718676 1.387141406703485 2000 2001
2211 (Thu Jan 12 2017 11:52:40 GMT-0200 (BRST)) - Coordinate undefined inserted
python ./../integration/py/satImageGenExcept.py undefined -52.26400799723494 -5.826420958912301 2000 2001
2212 (Thu Jan 12 2017 11:53:30 GMT-0200 (BRST)) - Coordinate undefined inserted
python ./../integration/py/satImageGenExcept.py undefined -63.341134461792834 -2.304799383032439 2000 2001
2213 (Thu Jan 12 2017 11:54:22 GMT-0200 (BRST)) - Coordinate undefined inserted
python ./../integration/py/satImageGenExcept.py undefined -59.85494458448514 -9.291698368897041 2000 2001
undefined
2214 (Thu Jan 12 2017 11:54:53 GMT-0200 (BRST)) - Coordinate undefined inserted
python ./../integration/py/satImageGenExcept.py undefined -51.931635436565614 -12.776495487875938 2000 2001
2215 (Thu Jan 12 2017 11:55:47 GMT-0200 (BRST)) - Coordinate undefined inserted
python ./../integration/py/satImageGenExcept.py undefined -62.74549392478 -12.006254370799805 2000 2001
2216 (Thu Jan 12 2017 11:56:41 GMT-0200 (BRST)) - Coordinate undefined inserted
python ./../integration/py/satImageGenExcept.py undefined -42.48104792162225 -18.408910474133563 2000 2001
2217 (Thu Jan 12 2017 11:57:31 GMT-0200 (BRST)) - Coordinate undefined inserted
python ./../integration/py/satImageGenExcept.py undefined -51.80710781158581 -15.970091990458272 2000 2001
2218 (Thu Jan 12 2017 11:58:35 GMT-0200 (BRST)) - Coordinate undefined inserted
python ./../integration/py/satImageGenExcept.py undefined -52.17726679744833 -24.0409544052522 2000 2001
2219 (Thu Jan 12 2017 11:59:26 GMT-0200 (BRST)) - Coordinate undefined inserted
python ./../integration/py/satImageGenExcept.py undefined -38.00915386098761 -11.208831140443014 2000 2001
undefined
2220 (Thu Jan 12 2017 11:59:56 GMT-0200 (BRST)) - Coordinate undefined inserted
python ./../integration/py/satImageGenExcept.py undefined -43.7798546615748 -19.582210388351406 2000 2001
2221 (Thu Jan 12 2017 12:00:46 GMT-0200 (BRST)) - Coordinate undefined inserted
python ./../integration/py/satImageGenExcept.py undefined -58.587653524435616 -4.373691085585925 2000 2001
2222 (Thu Jan 12 2017 12:02:18 GMT-0200 (BRST)) - Coordinate undefined inserted
python ./../integration/py/satImageGenExcept.py undefined -65.7341856027474 -6.254632346866849 2000 2001
2223 (Thu Jan 12 2017 12:03:44 GMT-0200 (BRST)) - Coordinate undefined inserted
python ./../integration/py/satImageGenExcept.py undefined -37.0128481809319 -8.871995531083837 2000 2001
[TypeError: Cannot call method 'split' of undefined]
2224 (Thu Jan 12 2017 12:04:31 GMT-0200 (BRST)) - Coordinate undefined inserted
python ./../integration/py/satImageGenExcept.py undefined -52.816233048062 -27.356209862833992 2000 2001
2225 (Thu Jan 12 2017 12:05:49 GMT-0200 (BRST)) - Coordinate undefined inserted
python ./../integration/py/satImageGenExcept.py undefined -54.75463280274997 -13.89024752949134 2000 2001
2226 (Thu Jan 12 2017 12:07:02 GMT-0200 (BRST)) - Coordinate undefined inserted
python ./../integration/py/satImageGenExcept.py undefined -54.841641321726485 -13.677350821081841 2000 2001
2227 (Thu Jan 12 2017 12:07:59 GMT-0200 (BRST)) - Coordinate undefined inserted
python ./../integration/py/satImageGenExcept.py undefined -52.79543123166879 -25.665374173944045 2000 2001
2228 (Thu Jan 12 2017 12:08:51 GMT-0200 (BRST)) - Coordinate undefined inserted
python ./../integration/py/satImageGenExcept.py undefined -48.118599821609315 -11.909673016829547 2000 2001
2229 (Thu Jan 12 2017 12:09:40 GMT-0200 (BRST)) - Coordinate undefined inserted
python ./../integration/py/satImageGenExcept.py undefined -54.39061527577549 -31.15280389866088 2000 2001
2230 (Thu Jan 12 2017 12:10:30 GMT-0200 (BRST)) - Coordinate undefined inserted
python ./../integration/py/satImageGenExcept.py undefined -44.96262056650553 -18.097312010098864 2000 2001
2231 (Thu Jan 12 2017 12:11:19 GMT-0200 (BRST)) - Coordinate undefined inserted
python ./../integration/py/satImageGenExcept.py undefined -45.31225776186818 -21.50902021024391 2000 2001
2232 (Thu Jan 12 2017 12:12:09 GMT-0200 (BRST)) - Coordinate undefined inserted
python ./../integration/py/satImageGenExcept.py undefined -56.03178075610727 -4.384839092973493 2000 2001
undefined
2233 (Thu Jan 12 2017 12:12:38 GMT-0200 (BRST)) - Coordinate undefined inserted
python ./../integration/py/satImageGenExcept.py undefined -47.505178728953986 -21.34714604908933 2000 2001
2234 (Thu Jan 12 2017 12:13:29 GMT-0200 (BRST)) - Coordinate undefined inserted
python ./../integration/py/satImageGenExcept.py undefined -50.04520158620775 -19.41146973213588 2000 2001
2235 (Thu Jan 12 2017 12:14:19 GMT-0200 (BRST)) - Coordinate undefined inserted
python ./../integration/py/satImageGenExcept.py undefined -38.858051080781316 -10.077584104656335 2000 2001
2236 (Thu Jan 12 2017 12:15:34 GMT-0200 (BRST)) - Coordinate undefined inserted
python ./../integration/py/satImageGenExcept.py undefined -70.32742205643528 -10.651620822945308 2000 2001
2237 (Thu Jan 12 2017 12:17:03 GMT-0200 (BRST)) - Coordinate undefined inserted
python ./../integration/py/satImageGenExcept.py undefined -57.04062214034501 -15.345968391035914 2000 2001
2238 (Thu Jan 12 2017 12:18:35 GMT-0200 (BRST)) - Coordinate undefined inserted
python ./../integration/py/satImageGenExcept.py undefined -54.05549210101275 -16.35756086674012 2000 2001
2239 (Thu Jan 12 2017 12:20:16 GMT-0200 (BRST)) - Coordinate undefined inserted
python ./../integration/py/satImageGenExcept.py undefined -38.776223717183086 -6.467151705717551 2000 2001
2240 (Thu Jan 12 2017 12:21:33 GMT-0200 (BRST)) - Coordinate undefined inserted
python ./../integration/py/satImageGenExcept.py undefined -54.15323670809738 -19.1712775898353 2000 2001
2241 (Thu Jan 12 2017 12:22:32 GMT-0200 (BRST)) - Coordinate undefined inserted
python ./../integration/py/satImageGenExcept.py undefined -56.82526624659745 -6.173531802763296 2000 2001
undefined
2242 (Thu Jan 12 2017 12:23:11 GMT-0200 (BRST)) - Coordinate undefined inserted
python ./../integration/py/satImageGenExcept.py undefined -54.76477809774197 -12.53710304260068 2000 2001
2243 (Thu Jan 12 2017 12:24:07 GMT-0200 (BRST)) - Coordinate undefined inserted
python ./../integration/py/satImageGenExcept.py undefined -54.17772601667923 -23.38621246267674 2000 2001
2244 (Thu Jan 12 2017 12:25:02 GMT-0200 (BRST)) - Coordinate undefined inserted
python ./../integration/py/satImageGenExcept.py undefined -52.32156543499039 -21.163776874013813 2000 2001
2245 (Thu Jan 12 2017 12:25:53 GMT-0200 (BRST)) - Coordinate undefined inserted
python ./../integration/py/satImageGenExcept.py undefined -37.96960424029442 -5.651657560286246 2000 2001
2246 (Thu Jan 12 2017 12:27:29 GMT-0200 (BRST)) - Coordinate undefined inserted
python ./../integration/py/satImageGenExcept.py undefined -70.305679464597 -7.846552694259834 2000 2001
2247 (Thu Jan 12 2017 12:28:51 GMT-0200 (BRST)) - Coordinate undefined inserted
python ./../integration/py/satImageGenExcept.py undefined -60.451460329983334 -4.160604818519182 2000 2001
2248 (Thu Jan 12 2017 12:29:44 GMT-0200 (BRST)) - Coordinate undefined inserted
python ./../integration/py/satImageGenExcept.py undefined -41.56651079887558 -11.96640835387592 2000 2001
2249 (Thu Jan 12 2017 12:30:58 GMT-0200 (BRST)) - Coordinate undefined inserted
python ./../integration/py/satImageGenExcept.py undefined -68.602201999969 -5.894593505449627 2000 2001
undefined
2250 (Thu Jan 12 2017 12:31:28 GMT-0200 (BRST)) - Coordinate undefined inserted
python ./../integration/py/satImageGenExcept.py undefined -43.74976773689049 -3.22816721197449 2000 2001
undefined
2251 (Thu Jan 12 2017 12:32:00 GMT-0200 (BRST)) - Coordinate undefined inserted
python ./../integration/py/satImageGenExcept.py undefined -68.5428247787256 -0.899327702441369 2000 2001
2252 (Thu Jan 12 2017 12:32:51 GMT-0200 (BRST)) - Coordinate undefined inserted
python ./../integration/py/satImageGenExcept.py undefined -47.16901492024884 -11.500439082146713 2000 2001
2253 (Thu Jan 12 2017 12:33:40 GMT-0200 (BRST)) - Coordinate undefined inserted
python ./../integration/py/satImageGenExcept.py undefined -53.56983496196317 -14.607269084241825 2000 2001
2254 (Thu Jan 12 2017 12:34:31 GMT-0200 (BRST)) - Coordinate undefined inserted
python ./../integration/py/satImageGenExcept.py undefined -54.27281395594534 -18.164720982022462 2000 2001
2255 (Thu Jan 12 2017 12:35:35 GMT-0200 (BRST)) - Coordinate undefined inserted
python ./../integration/py/satImageGenExcept.py undefined -55.70392926943626 -19.08276090629237 2000 2001
2256 (Thu Jan 12 2017 12:36:28 GMT-0200 (BRST)) - Coordinate undefined inserted
python ./../integration/py/satImageGenExcept.py undefined -49.88278215599762 -3.049017784127791 2000 2001
undefined
2257 (Thu Jan 12 2017 12:36:57 GMT-0200 (BRST)) - Coordinate undefined inserted
python ./../integration/py/satImageGenExcept.py undefined -43.86866984908498 -21.458472505770104 2000 2001
2258 (Thu Jan 12 2017 12:37:47 GMT-0200 (BRST)) - Coordinate undefined inserted
python ./../integration/py/satImageGenExcept.py undefined -51.89927449908329 -25.121141573822257 2000 2001
2259 (Thu Jan 12 2017 12:38:38 GMT-0200 (BRST)) - Coordinate undefined inserted
python ./../integration/py/satImageGenExcept.py undefined -46.384112409860144 -21.529685543480156 2000 2001
2260 (Thu Jan 12 2017 12:39:29 GMT-0200 (BRST)) - Coordinate undefined inserted
python ./../integration/py/satImageGenExcept.py undefined -56.63569021931236 1.273823972243342 2000 2001
undefined
2261 (Thu Jan 12 2017 12:39:58 GMT-0200 (BRST)) - Coordinate undefined inserted
python ./../integration/py/satImageGenExcept.py undefined -56.79690858255978 -10.168564639858658 2000 2001
undefined
2262 (Thu Jan 12 2017 12:40:29 GMT-0200 (BRST)) - Coordinate undefined inserted
python ./../integration/py/satImageGenExcept.py undefined -48.14267196528077 -22.821186639922495 2000 2001
2263 (Thu Jan 12 2017 12:41:20 GMT-0200 (BRST)) - Coordinate undefined inserted
python ./../integration/py/satImageGenExcept.py undefined -47.55416150801914 -19.6806055628669 2000 2001
2264 (Thu Jan 12 2017 12:42:12 GMT-0200 (BRST)) - Coordinate undefined inserted
python ./../integration/py/satImageGenExcept.py undefined -56.85424606627302 -15.782528235218912 2000 2001
2265 (Thu Jan 12 2017 12:43:03 GMT-0200 (BRST)) - Coordinate undefined inserted
python ./../integration/py/satImageGenExcept.py undefined -41.95109971695263 -21.6480108659172 2000 2001
2266 (Thu Jan 12 2017 12:44:06 GMT-0200 (BRST)) - Coordinate undefined inserted
python ./../integration/py/satImageGenExcept.py undefined -52.394716421640666 -9.390844641767785 2000 2001
2267 (Thu Jan 12 2017 12:45:11 GMT-0200 (BRST)) - Coordinate undefined inserted
python ./../integration/py/satImageGenExcept.py undefined -39.62753283806325 -9.76983922226292 2000 2001
2268 (Thu Jan 12 2017 12:46:02 GMT-0200 (BRST)) - Coordinate undefined inserted
python ./../integration/py/satImageGenExcept.py undefined -49.099277512169465 -6.447326965959999 2000 2001
2269 (Thu Jan 12 2017 12:46:54 GMT-0200 (BRST)) - Coordinate undefined inserted
python ./../integration/py/satImageGenExcept.py undefined -62.76534562004982 -11.056898523475013 2000 2001
2270 (Thu Jan 12 2017 12:47:45 GMT-0200 (BRST)) - Coordinate undefined inserted
python ./../integration/py/satImageGenExcept.py undefined -52.95244032132424 -29.135772926934685 2000 2001
2271 (Thu Jan 12 2017 12:48:32 GMT-0200 (BRST)) - Coordinate undefined inserted
python ./../integration/py/satImageGenExcept.py undefined -39.79420403867089 -14.719447601546655 2000 2001
2272 (Thu Jan 12 2017 12:49:29 GMT-0200 (BRST)) - Coordinate undefined inserted
python ./../integration/py/satImageGenExcept.py undefined -46.873275136358046 -21.77533523340476 2000 2001
2273 (Thu Jan 12 2017 12:50:15 GMT-0200 (BRST)) - Coordinate undefined inserted
python ./../integration/py/satImageGenExcept.py undefined -54.378981838778536 -20.641068497855585 2000 2001
2274 (Thu Jan 12 2017 12:51:24 GMT-0200 (BRST)) - Coordinate undefined inserted
python ./../integration/py/satImageGenExcept.py undefined -54.29289925545599 -21.432449075158395 2000 2001
2275 (Thu Jan 12 2017 12:52:10 GMT-0200 (BRST)) - Coordinate undefined inserted
python ./../integration/py/satImageGenExcept.py undefined -39.55777369248438 -14.167762439874036 2000 2001
2276 (Thu Jan 12 2017 12:53:08 GMT-0200 (BRST)) - Coordinate undefined inserted
python ./../integration/py/satImageGenExcept.py undefined -52.62811354416596 -9.73703088136914 2000 2001
2277 (Thu Jan 12 2017 12:54:03 GMT-0200 (BRST)) - Coordinate undefined inserted
python ./../integration/py/satImageGenExcept.py undefined -39.37215122706874 -5.388820791069616 2000 2001
undefined
2278 (Thu Jan 12 2017 12:54:35 GMT-0200 (BRST)) - Coordinate undefined inserted
python ./../integration/py/satImageGenExcept.py undefined -45.073398479510395 -19.308345390753246 2000 2001
2279 (Thu Jan 12 2017 12:55:39 GMT-0200 (BRST)) - Coordinate undefined inserted
python ./../integration/py/satImageGenExcept.py undefined -47.68451472596791 -24.46656079688152 2000 2001
2280 (Thu Jan 12 2017 12:56:31 GMT-0200 (BRST)) - Coordinate undefined inserted
python ./../integration/py/satImageGenExcept.py undefined -42.25439116356385 -4.528696641331194 2000 2001
2281 (Thu Jan 12 2017 12:57:33 GMT-0200 (BRST)) - Coordinate undefined inserted
python ./../integration/py/satImageGenExcept.py undefined -51.98786362930242 -10.81042658860223 2000 2001
